<?xml version="1.0" encoding="UTF-8"?>
<!-- Generated by org.testng.reporters.JUnitReportReporter -->
<testsuite skipped="0" hostname="MACPRO146.local" name="my.firstMvn.LaunchBrowser" tests="1" failures="0" timestamp="27 Jun 2019 09:12:29 GMT" time="3.167" errors="0">
  <testcase name="f" time="3.167" classname="my.firstMvn.LaunchBrowser"/>
</testsuite> <!-- my.firstMvn.LaunchBrowser -->
